This file contains any messages produced by compilers while
running configure, to aid debugging if configure makes a mistake.

It was created by configure, which was
generated by GNU Autoconf 2.71.  Invocation command line was

  $ ./configure --prefix=/data/data/com.termux/files/usr

## --------- ##
## Platform. ##
## --------- ##

hostname = localhost
uname -m = aarch64
uname -r = 4.14.190-22554634-abT860XXU4CUL2
uname -s = Linux
uname -v = #2 SMP PREEMPT Fri Dec 10 15:07:45 +07 2021

/usr/bin/uname -p = unknown
/bin/uname -X     = unknown

/bin/arch              = unknown
/usr/bin/arch -k       = unknown
/usr/convex/getsysinfo = unknown
/usr/bin/hostinfo      = unknown
/bin/machine           = unknown
/usr/bin/oslevel       = unknown
/bin/universe          = unknown

PATH: /data/data/com.termux/files/home/.local/pipx/bin/
PATH: /data/data/com.termux/files/home/.local/bin/
PATH: /data/data/com.termux/files/home/bin/
PATH: /data/data/com.termux/files/home/.cargo/bin/
PATH: /data/data/com.termux/files/home/.go/bin/
PATH: /data/data/com.termux/files/home/.local/share/gem/ruby/3.0.0/bin/
PATH: /data/data/com.termux/files/usr/bin/


## ----------- ##
## Core tests. ##
## ----------- ##

configure:2619: looking for aux files: compile missing install-sh config.guess config.sub
configure:2632:  trying ./
configure:2661:   ./compile found
configure:2661:   ./missing found
configure:2643:   ./install-sh found
configure:2661:   ./config.guess found
configure:2661:   ./config.sub found
configure:2780: checking build system type
configure:2795: result: aarch64-unknown-linux-gnu
configure:2815: checking host system type
configure:2829: result: aarch64-unknown-linux-gnu
configure:2849: checking target system type
configure:2863: result: aarch64-unknown-linux-gnu
configure:2906: checking for a BSD-compatible install
configure:2979: result: /data/data/com.termux/files/usr/bin/install -c
configure:2990: checking whether build environment is sane
configure:3045: result: yes
configure:3204: checking for a race-free mkdir -p
configure:3248: result: /data/data/com.termux/files/usr/bin/mkdir -p
configure:3255: checking for gawk
configure:3276: found /data/data/com.termux/files/usr/bin/gawk
configure:3287: result: gawk
configure:3298: checking whether make sets $(MAKE)
configure:3321: result: yes
configure:3351: checking whether make supports nested variables
configure:3369: result: yes
configure:3571: checking for gcc
configure:3592: found /data/data/com.termux/files/usr/bin/gcc
configure:3603: result: gcc
configure:3956: checking for C compiler version
configure:3965: gcc --version >&5
clang version 14.0.0
Target: aarch64-unknown-linux-android24
Thread model: posix
InstalledDir: /data/data/com.termux/files/usr/bin
configure:3976: $? = 0
configure:3965: gcc -v >&5
clang version 14.0.0
Target: aarch64-unknown-linux-android24
Thread model: posix
InstalledDir: /data/data/com.termux/files/usr/bin
configure:3976: $? = 0
configure:3965: gcc -V >&5
clang-14: error: argument to '-V' is missing (expected 1 value)
clang-14: error: no input files
configure:3976: $? = 1
configure:3965: gcc -qversion >&5
clang-14: error: unknown argument '-qversion'; did you mean '--version'?
clang-14: error: no input files
configure:3976: $? = 1
configure:3965: gcc -version >&5
clang-14: error: unknown argument '-version'; did you mean '--version'?
clang-14: error: no input files
configure:3976: $? = 1
configure:3996: checking whether the C compiler works
configure:4018: gcc    conftest.c  >&5
configure:4022: $? = 0
configure:4072: result: yes
configure:4075: checking for C compiler default output file name
configure:4077: result: a.out
configure:4083: checking for suffix of executables
configure:4090: gcc -o conftest    conftest.c  >&5
configure:4094: $? = 0
configure:4117: result: 
configure:4139: checking whether we are cross compiling
configure:4147: gcc -o conftest    conftest.c  >&5
configure:4151: $? = 0
configure:4158: ./conftest
configure:4162: $? = 0
configure:4177: result: no
configure:4182: checking for suffix of object files
configure:4205: gcc -c   conftest.c >&5
configure:4209: $? = 0
configure:4231: result: o
configure:4235: checking whether the compiler supports GNU C
configure:4255: gcc -c   conftest.c >&5
configure:4255: $? = 0
configure:4265: result: yes
configure:4276: checking whether gcc accepts -g
configure:4297: gcc -c -g  conftest.c >&5
configure:4297: $? = 0
configure:4341: result: yes
configure:4361: checking for gcc option to enable C11 features
configure:4376: gcc  -c -g -O2  conftest.c >&5
configure:4376: $? = 0
configure:4394: result: none needed
configure:4510: checking whether gcc understands -c and -o together
configure:4533: gcc -c conftest.c -o conftest2.o
configure:4536: $? = 0
configure:4533: gcc -c conftest.c -o conftest2.o
configure:4536: $? = 0
configure:4548: result: yes
configure:4568: checking whether make supports the include directive
configure:4583: make -f confmf.GNU && cat confinc.out
this is the am__doit target
configure:4586: $? = 0
configure:4605: result: yes (GNU style)
configure:4631: checking dependency style of gcc
configure:4743: result: gcc3
configure:4759: checking whether ln -s works
configure:4763: result: yes
configure:4774: checking for gawk
configure:4806: result: gawk
configure:4825: checking for stdio.h
configure:4825: gcc -c -g -O2  conftest.c >&5
configure:4825: $? = 0
configure:4825: result: yes
configure:4825: checking for stdlib.h
configure:4825: gcc -c -g -O2  conftest.c >&5
configure:4825: $? = 0
configure:4825: result: yes
configure:4825: checking for string.h
configure:4825: gcc -c -g -O2  conftest.c >&5
configure:4825: $? = 0
configure:4825: result: yes
configure:4825: checking for inttypes.h
configure:4825: gcc -c -g -O2  conftest.c >&5
configure:4825: $? = 0
configure:4825: result: yes
configure:4825: checking for stdint.h
configure:4825: gcc -c -g -O2  conftest.c >&5
configure:4825: $? = 0
configure:4825: result: yes
configure:4825: checking for strings.h
configure:4825: gcc -c -g -O2  conftest.c >&5
configure:4825: $? = 0
configure:4825: result: yes
configure:4825: checking for sys/stat.h
configure:4825: gcc -c -g -O2  conftest.c >&5
configure:4825: $? = 0
configure:4825: result: yes
configure:4825: checking for sys/types.h
configure:4825: gcc -c -g -O2  conftest.c >&5
configure:4825: $? = 0
configure:4825: result: yes
configure:4825: checking for unistd.h
configure:4825: gcc -c -g -O2  conftest.c >&5
configure:4825: $? = 0
configure:4825: result: yes
configure:4825: checking for sys/time.h
configure:4825: gcc -c -g -O2  conftest.c >&5
configure:4825: $? = 0
configure:4825: result: yes
configure:4850: checking for grep that handles long lines and -e
configure:4914: result: /data/data/com.termux/files/usr/bin/grep
configure:4919: checking for egrep
configure:4987: result: /data/data/com.termux/files/usr/bin/grep -E
configure:4993: checking for assert.h
configure:4993: gcc -c -g -O2  conftest.c >&5
configure:4993: $? = 0
configure:4993: result: yes
configure:4999: checking for ctype.h
configure:4999: gcc -c -g -O2  conftest.c >&5
configure:4999: $? = 0
configure:4999: result: yes
configure:5005: checking for errno.h
configure:5005: gcc -c -g -O2  conftest.c >&5
configure:5005: $? = 0
configure:5005: result: yes
configure:5011: checking for fcntl.h
configure:5011: gcc -c -g -O2  conftest.c >&5
configure:5011: $? = 0
configure:5011: result: yes
configure:5017: checking for malloc.h
configure:5017: gcc -c -g -O2  conftest.c >&5
configure:5017: $? = 0
configure:5017: result: yes
configure:5023: checking for stdarg.h
configure:5023: gcc -c -g -O2  conftest.c >&5
configure:5023: $? = 0
configure:5023: result: yes
configure:5029: checking for stdio.h
configure:5029: result: yes
configure:5035: checking for stdlib.h
configure:5035: result: yes
configure:5041: checking for string.h
configure:5041: result: yes
configure:5047: checking for strings.h
configure:5047: result: yes
configure:5053: checking for sys/ioctl.h
configure:5053: gcc -c -g -O2  conftest.c >&5
configure:5053: $? = 0
configure:5053: result: yes
configure:5059: checking for sys/select.h
configure:5059: gcc -c -g -O2  conftest.c >&5
configure:5059: $? = 0
configure:5059: result: yes
configure:5065: checking for sys/stat.h
configure:5065: result: yes
configure:5071: checking for sys/time.h
configure:5071: result: yes
configure:5077: checking for sys/uio.h
configure:5077: gcc -c -g -O2  conftest.c >&5
configure:5077: $? = 0
configure:5077: result: yes
configure:5083: checking for unistd.h
configure:5083: result: yes
configure:5089: checking for signal.h
configure:5089: gcc -c -g -O2  conftest.c >&5
configure:5089: $? = 0
configure:5089: result: yes
configure:5095: checking for termios.h
configure:5095: gcc -c -g -O2  conftest.c >&5
configure:5095: $? = 0
configure:5095: result: yes
configure:5103: checking for posix_memalign
configure:5103: gcc -o conftest -g -O2   conftest.c  >&5
configure:5103: $? = 0
configure:5103: result: yes
configure:5109: checking for select
configure:5109: gcc -o conftest -g -O2   conftest.c  >&5
configure:5109: $? = 0
configure:5109: result: yes
configure:5115: checking for strerror
configure:5115: gcc -o conftest -g -O2   conftest.c  >&5
conftest.c:58:6: warning: incompatible redeclaration of library function 'strerror' [-Wincompatible-library-redeclaration]
char strerror ();
     ^
conftest.c:58:6: note: 'strerror' is a builtin with type 'char *(int)'
1 warning generated.
configure:5115: $? = 0
configure:5115: result: yes
configure:5121: checking for sysconf
configure:5121: gcc -o conftest -g -O2   conftest.c  >&5
configure:5121: $? = 0
configure:5121: result: yes
configure:5127: checking for sprintf
configure:5127: gcc -o conftest -g -O2   conftest.c  >&5
conftest.c:60:6: warning: incompatible redeclaration of library function 'sprintf' [-Wincompatible-library-redeclaration]
char sprintf ();
     ^
conftest.c:60:6: note: 'sprintf' is a builtin with type 'int (char *, const char *, ...)'
1 warning generated.
configure:5127: $? = 0
configure:5127: result: yes
configure:5134: checking for GNU libc compatible malloc
configure:5166: gcc -o conftest -g -O2   conftest.c  >&5
configure:5166: $? = 0
configure:5166: ./conftest
configure:5166: $? = 0
configure:5177: result: yes
configure:5210: checking if filesystem supports Large Files natively
configure:5236: gcc -c -g -O2  conftest.c >&5
configure:5236: $? = 0
configure:5245: result: yes
configure:5339: checking for vectored I/O support
configure:5365: gcc -c -g -O2  conftest.c >&5
configure:5365: $? = 0
configure:5377: result: yes
configure:5385: checking size of unsigned char
configure:5391: gcc -o conftest -g -O2   conftest.c  >&5
configure:5391: $? = 0
configure:5391: ./conftest
configure:5391: $? = 0
configure:5406: result: 1
configure:5418: checking size of unsigned short
configure:5424: gcc -o conftest -g -O2   conftest.c  >&5
configure:5424: $? = 0
configure:5424: ./conftest
configure:5424: $? = 0
configure:5439: result: 2
configure:5451: checking size of unsigned int
configure:5457: gcc -o conftest -g -O2   conftest.c  >&5
configure:5457: $? = 0
configure:5457: ./conftest
configure:5457: $? = 0
configure:5472: result: 4
configure:5484: checking size of unsigned long
configure:5490: gcc -o conftest -g -O2   conftest.c  >&5
configure:5490: $? = 0
configure:5490: ./conftest
configure:5490: $? = 0
configure:5505: result: 8
configure:5517: checking size of unsigned long long
configure:5523: gcc -o conftest -g -O2   conftest.c  >&5
configure:5523: $? = 0
configure:5523: ./conftest
configure:5523: $? = 0
configure:5538: result: 8
configure:5550: checking size of size_t
configure:5556: gcc -o conftest -g -O2   conftest.c  >&5
configure:5556: $? = 0
configure:5556: ./conftest
configure:5556: $? = 0
configure:5571: result: 8
configure:5579: checking for gcc options needed to detect all undeclared functions
configure:5601: gcc -c -g -O2   conftest.c >&5
conftest.c:58:8: warning: implicitly declaring library function 'strchr' with type 'char *(const char *, int)' [-Wimplicit-function-declaration]
(void) strchr;
       ^
conftest.c:58:8: note: include the header <string.h> or explicitly provide a declaration for 'strchr'
1 warning generated.
configure:5601: $? = 0
configure:5601: gcc -c -g -O2 -fno-builtin  conftest.c >&5
conftest.c:58:8: error: use of undeclared identifier 'strchr'
(void) strchr;
       ^
1 error generated.
configure:5601: $? = 1
configure: failed program was:
| /* confdefs.h */
| #define PACKAGE_NAME ""
| #define PACKAGE_TARNAME ""
| #define PACKAGE_VERSION ""
| #define PACKAGE_STRING ""
| #define PACKAGE_BUGREPORT ""
| #define PACKAGE_URL ""
| #define PACKAGE "bar"
| #define VERSION "1.11.1"
| #define HAVE_STDIO_H 1
| #define HAVE_STDLIB_H 1
| #define HAVE_STRING_H 1
| #define HAVE_INTTYPES_H 1
| #define HAVE_STDINT_H 1
| #define HAVE_STRINGS_H 1
| #define HAVE_SYS_STAT_H 1
| #define HAVE_SYS_TYPES_H 1
| #define HAVE_UNISTD_H 1
| #define HAVE_SYS_TIME_H 1
| #define STDC_HEADERS 1
| #define HAVE_ASSERT_H 1
| #define HAVE_CTYPE_H 1
| #define HAVE_ERRNO_H 1
| #define HAVE_FCNTL_H 1
| #define HAVE_MALLOC_H 1
| #define HAVE_STDARG_H 1
| #define HAVE_STDIO_H 1
| #define HAVE_STDLIB_H 1
| #define HAVE_STRING_H 1
| #define HAVE_STRINGS_H 1
| #define HAVE_SYS_IOCTL_H 1
| #define HAVE_SYS_SELECT_H 1
| #define HAVE_SYS_STAT_H 1
| #define HAVE_SYS_TIME_H 1
| #define HAVE_SYS_UIO_H 1
| #define HAVE_UNISTD_H 1
| #define HAVE_SIGNAL_H 1
| #define HAVE_TERMIOS_H 1
| #define HAVE_POSIX_MEMALIGN 1
| #define HAVE_SELECT 1
| #define HAVE_STRERROR 1
| #define HAVE_SYSCONF 1
| #define HAVE_SPRINTF 1
| #define HAVE_MALLOC 1
| #define TIME_WITH_SYS_TIME 1
| #define HAVE_STRUCT_IOVEC 1
| #define SIZEOF_UNSIGNED_CHAR 1
| #define SIZEOF_UNSIGNED_SHORT 2
| #define SIZEOF_UNSIGNED_INT 4
| #define SIZEOF_UNSIGNED_LONG 8
| #define SIZEOF_UNSIGNED_LONG_LONG 8
| #define SIZEOF_SIZE_T 8
| /* end confdefs.h.  */
| 
| int
| main (void)
| {
| (void) strchr;
|   ;
|   return 0;
| }
configure:5628: gcc -c -g -O2 -fno-builtin  conftest.c >&5
configure:5628: $? = 0
configure:5645: result: -fno-builtin
configure:5659: checking whether _SC_PAGE_SIZE is declared
configure:5659: gcc -c -g -O2 -fno-builtin  conftest.c >&5
configure:5659: $? = 0
configure:5659: result: yes
configure:5668: checking whether _SC_PAGESIZE is declared
configure:5668: gcc -c -g -O2 -fno-builtin  conftest.c >&5
configure:5668: $? = 0
configure:5668: result: yes
configure:5712: checking for default screen width adjustment
configure:5721: result: 0
configure:5723: checking for default screen height adjustment
configure:5732: result: 0
configure:5752: checking if twiddle display should be enabled by default
configure:5761: result: 0
configure:5778: checking default buffer size
configure:5787: result: 52488
configure:5795: checking sysconf usability
configure:5847: gcc -o conftest -g -O2   conftest.c  >&5
configure:5847: $? = 0
configure:5847: ./conftest
sysconf says the page size is: 4096
configure:5847: $? = 0
configure:5859: result: yes
configure:5876: checking default page size
configure:5885: result: 4096
configure:5901: checking if aligned memory allocation is enabled
configure:5910: result: yes
configure:5916: checking for posix_memalign usability
configure:5983: gcc -o conftest -g -O2   conftest.c  >&5
configure:5983: $? = 0
configure:5983: ./conftest
configure:5983: $? = 0
configure:5995: result: yes
configure:6187: checking if aligned memory allocation is available
configure:6196: result: yes
configure:6199: checking if aligned memory allocation is usable
configure:6202: result: yes
configure:6225: checking if vectored I/O is enabled
configure:6234: result: yes
configure:6239: checking if vectored I/O is available
configure:6248: result: yes
configure:6256: checking whether CC supports -m64
configure:6281: gcc -c -m64  conftest.c >&5
configure:6281: $? = 0
configure:6291: result: yes
configure:6304: checking if the use of -m64 compiler flag is enabled
configure:6313: result: yes
configure:6322: checking if system supports counting to 1 exabyte
configure:6359: gcc -c -g -O2  conftest.c >&5
configure:6359: $? = 0
configure:6371: result: yes
configure:6375: checking if system supports counting to 1 petabyte
configure:6410: gcc -c -g -O2  conftest.c >&5
configure:6410: $? = 0
configure:6422: result: yes
configure:6426: checking if system supports counting to 1 terabyte
configure:6459: gcc -c -g -O2  conftest.c >&5
configure:6459: $? = 0
configure:6471: result: yes
configure:6606: checking that generated files are newer than configure
configure:6612: result: done
configure:6635: creating ./config.status

## ---------------------- ##
## Running config.status. ##
## ---------------------- ##

This file was extended by config.status, which was
generated by GNU Autoconf 2.71.  Invocation command line was

  CONFIG_FILES    = 
  CONFIG_HEADERS  = 
  CONFIG_LINKS    = 
  CONFIG_COMMANDS = 
  $ ./config.status 

on localhost

config.status:917: creating Makefile
config.status:917: creating bar.1
config.status:917: creating doxygen.conf
config.status:917: creating config.h
config.status:1098: config.h is unchanged
config.status:1146: executing depfiles commands
config.status:1221: cd .       && sed -e '/# am--include-marker/d' Makefile         | make -f - am--depfiles
make: Nothing to be done for 'am--depfiles'.
config.status:1228: $? = 0
config.status:1146: executing test-script-preparation commands
configure:7954: 
configure:7956: Current Configuration:
configure:7958: ----------------------
configure:7964:      Screen width -1 modifier: no
configure:7971:     Screen height -1 modifier: no
configure:7978:    Display twiddle by default: no
configure:7982: Use aligned memory allocation: yes (default page size: 4096)
configure:7988:              Use vectored I/O: yes
configure:7990:       Default I/O buffer size: 52488
configure:7992:                  Install Path: /data/data/com.termux/files/usr
configure:7994: 

## ---------------- ##
## Cache variables. ##
## ---------------- ##

ac_cv_build='aarch64-unknown-linux-gnu'
ac_cv_c_compiler_gnu='yes'
ac_cv_c_exabyte_support='yes'
ac_cv_c_max_safe_multiplier='1000000000000000000'
ac_cv_c_native_large_file_support='yes'
ac_cv_c_petabyte_support='yes'
ac_cv_c_terabyte_support='yes'
ac_cv_c_undeclared_builtin_options='-fno-builtin'
ac_cv_default_buffer_size='52488'
ac_cv_default_display_twiddle='0'
ac_cv_default_page_size='4096'
ac_cv_default_sh_minus_one='0'
ac_cv_default_sw_minus_one='0'
ac_cv_env_CC_set=''
ac_cv_env_CC_value=''
ac_cv_env_CFLAGS_set=''
ac_cv_env_CFLAGS_value=''
ac_cv_env_CPPFLAGS_set=''
ac_cv_env_CPPFLAGS_value=''
ac_cv_env_LDFLAGS_set=''
ac_cv_env_LDFLAGS_value=''
ac_cv_env_LIBS_set=''
ac_cv_env_LIBS_value=''
ac_cv_env_build_alias_set=''
ac_cv_env_build_alias_value=''
ac_cv_env_host_alias_set=''
ac_cv_env_host_alias_value=''
ac_cv_env_target_alias_set=''
ac_cv_env_target_alias_value=''
ac_cv_func_malloc_0_nonnull='yes'
ac_cv_func_posix_memalign='yes'
ac_cv_func_select='yes'
ac_cv_func_sprintf='yes'
ac_cv_func_strerror='yes'
ac_cv_func_sysconf='yes'
ac_cv_have_decl__SC_PAGESIZE='yes'
ac_cv_have_decl__SC_PAGE_SIZE='yes'
ac_cv_have_struct_iovec='yes'
ac_cv_header_assert_h='yes'
ac_cv_header_ctype_h='yes'
ac_cv_header_errno_h='yes'
ac_cv_header_fcntl_h='yes'
ac_cv_header_inttypes_h='yes'
ac_cv_header_malloc_h='yes'
ac_cv_header_signal_h='yes'
ac_cv_header_stdarg_h='yes'
ac_cv_header_stdint_h='yes'
ac_cv_header_stdio_h='yes'
ac_cv_header_stdlib_h='yes'
ac_cv_header_string_h='yes'
ac_cv_header_strings_h='yes'
ac_cv_header_sys_ioctl_h='yes'
ac_cv_header_sys_select_h='yes'
ac_cv_header_sys_stat_h='yes'
ac_cv_header_sys_time_h='yes'
ac_cv_header_sys_types_h='yes'
ac_cv_header_sys_uio_h='yes'
ac_cv_header_termios_h='yes'
ac_cv_header_unistd_h='yes'
ac_cv_host='aarch64-unknown-linux-gnu'
ac_cv_m64_available='yes'
ac_cv_objext='o'
ac_cv_path_EGREP='/data/data/com.termux/files/usr/bin/grep -E'
ac_cv_path_GREP='/data/data/com.termux/files/usr/bin/grep'
ac_cv_path_install='/data/data/com.termux/files/usr/bin/install -c'
ac_cv_path_mkdir='/data/data/com.termux/files/usr/bin/mkdir'
ac_cv_posix_memalign_works='yes'
ac_cv_prog_AWK='gawk'
ac_cv_prog_ac_ct_CC='gcc'
ac_cv_prog_cc_c11=''
ac_cv_prog_cc_g='yes'
ac_cv_prog_cc_stdc=''
ac_cv_prog_make_make_set='yes'
ac_cv_sizeof_size_t='8'
ac_cv_sizeof_unsigned_char='1'
ac_cv_sizeof_unsigned_int='4'
ac_cv_sizeof_unsigned_long='8'
ac_cv_sizeof_unsigned_long_long='8'
ac_cv_sizeof_unsigned_short='2'
ac_cv_sysconf_works='yes'
ac_cv_target='aarch64-unknown-linux-gnu'
ac_cv_use_iovec='yes'
ac_cv_use_m64='yes'
ac_cv_use_memalign='yes'
am_cv_CC_dependencies_compiler_type='gcc3'
am_cv_make_support_nested_variables='yes'
am_cv_prog_cc_c_o='yes'

## ----------------- ##
## Output variables. ##
## ----------------- ##

ACLOCAL='${SHELL} '\''/data/data/com.termux/files/home/src/bar-1.11.1/missing'\'' aclocal-1.16'
AMDEPBACKSLASH='\'
AMDEP_FALSE='#'
AMDEP_TRUE=''
AMTAR='$${TAR-tar}'
AM_BACKSLASH='\'
AM_CFLAGS=' -m64'
AM_DEFAULT_V='$(AM_DEFAULT_VERBOSITY)'
AM_DEFAULT_VERBOSITY='1'
AM_V='$(V)'
AUTOCONF='${SHELL} '\''/data/data/com.termux/files/home/src/bar-1.11.1/missing'\'' autoconf'
AUTOHEADER='${SHELL} '\''/data/data/com.termux/files/home/src/bar-1.11.1/missing'\'' autoheader'
AUTOMAKE='${SHELL} '\''/data/data/com.termux/files/home/src/bar-1.11.1/missing'\'' automake-1.16'
AWK='gawk'
CC='gcc'
CCDEPMODE='depmode=gcc3'
CFLAGS='-g -O2'
CPPFLAGS=''
CSCOPE='cscope'
CTAGS='ctags'
CYGPATH_W='echo'
DEFAULT_BUFFER_SIZE=''
DEFAULT_DISPLAY_TWIDDLE=''
DEFAULT_PAGE_SIZE=''
DEFAULT_SH_MINUS_ONE=''
DEFAULT_SW_MINUS_ONE=''
DEFS='-DHAVE_CONFIG_H'
DEPDIR='.deps'
ECHO_C=''
ECHO_N='-n'
ECHO_T=''
EGREP='/data/data/com.termux/files/usr/bin/grep -E'
ETAGS='etags'
EXEEXT=''
GREP='/data/data/com.termux/files/usr/bin/grep'
INSTALL_DATA='${INSTALL} -m 644'
INSTALL_PROGRAM='${INSTALL}'
INSTALL_SCRIPT='${INSTALL}'
INSTALL_STRIP_PROGRAM='$(install_sh) -c -s'
LDFLAGS=''
LIBOBJS=''
LIBS=''
LN_S='ln -s'
LTLIBOBJS=''
MAKEINFO='${SHELL} '\''/data/data/com.termux/files/home/src/bar-1.11.1/missing'\'' makeinfo'
MAX_SAFE_MULTIPLIER=''
MKDIR_P='/data/data/com.termux/files/usr/bin/mkdir -p'
OBJEXT='o'
PACKAGE='bar'
PACKAGE_BUGREPORT=''
PACKAGE_NAME=''
PACKAGE_STRING=''
PACKAGE_TARNAME=''
PACKAGE_URL=''
PACKAGE_VERSION=''
PATH_SEPARATOR=':'
SET_MAKE=''
SHELL='/data/data/com.termux/files/usr/bin/sh'
STRIP=''
VERSION='1.11.1'
ac_ct_CC='gcc'
am__EXEEXT_FALSE=''
am__EXEEXT_TRUE='#'
am__fastdepCC_FALSE='#'
am__fastdepCC_TRUE=''
am__include='include'
am__isrc=''
am__leading_dot='.'
am__nodep='_no'
am__quote=''
am__tar='$${TAR-tar} chof - "$$tardir"'
am__untar='$${TAR-tar} xf -'
bindir='${exec_prefix}/bin'
build='aarch64-unknown-linux-gnu'
build_alias=''
build_cpu='aarch64'
build_os='linux-gnu'
build_vendor='unknown'
datadir='${datarootdir}'
datarootdir='${prefix}/share'
docdir='${datarootdir}/doc/${PACKAGE}'
dvidir='${docdir}'
exec_prefix='${prefix}'
host='aarch64-unknown-linux-gnu'
host_alias=''
host_cpu='aarch64'
host_os='linux-gnu'
host_vendor='unknown'
htmldir='${docdir}'
includedir='${prefix}/include'
infodir='${datarootdir}/info'
install_sh='${SHELL} /data/data/com.termux/files/home/src/bar-1.11.1/install-sh'
libdir='${exec_prefix}/lib'
libexecdir='${exec_prefix}/libexec'
localedir='${datarootdir}/locale'
localstatedir='${prefix}/var'
mandir='${datarootdir}/man'
mkdir_p='$(MKDIR_P)'
oldincludedir='/usr/include'
pdfdir='${docdir}'
prefix='/data/data/com.termux/files/usr'
program_transform_name='s,x,x,'
psdir='${docdir}'
runstatedir='${localstatedir}/run'
sbindir='${exec_prefix}/sbin'
sharedstatedir='${prefix}/com'
sysconfdir='${prefix}/etc'
target='aarch64-unknown-linux-gnu'
target_alias=''
target_cpu='aarch64'
target_os='linux-gnu'
target_vendor='unknown'

## ----------- ##
## confdefs.h. ##
## ----------- ##

/* confdefs.h */
#define PACKAGE_NAME ""
#define PACKAGE_TARNAME ""
#define PACKAGE_VERSION ""
#define PACKAGE_STRING ""
#define PACKAGE_BUGREPORT ""
#define PACKAGE_URL ""
#define PACKAGE "bar"
#define VERSION "1.11.1"
#define HAVE_STDIO_H 1
#define HAVE_STDLIB_H 1
#define HAVE_STRING_H 1
#define HAVE_INTTYPES_H 1
#define HAVE_STDINT_H 1
#define HAVE_STRINGS_H 1
#define HAVE_SYS_STAT_H 1
#define HAVE_SYS_TYPES_H 1
#define HAVE_UNISTD_H 1
#define HAVE_SYS_TIME_H 1
#define STDC_HEADERS 1
#define HAVE_ASSERT_H 1
#define HAVE_CTYPE_H 1
#define HAVE_ERRNO_H 1
#define HAVE_FCNTL_H 1
#define HAVE_MALLOC_H 1
#define HAVE_STDARG_H 1
#define HAVE_STDIO_H 1
#define HAVE_STDLIB_H 1
#define HAVE_STRING_H 1
#define HAVE_STRINGS_H 1
#define HAVE_SYS_IOCTL_H 1
#define HAVE_SYS_SELECT_H 1
#define HAVE_SYS_STAT_H 1
#define HAVE_SYS_TIME_H 1
#define HAVE_SYS_UIO_H 1
#define HAVE_UNISTD_H 1
#define HAVE_SIGNAL_H 1
#define HAVE_TERMIOS_H 1
#define HAVE_POSIX_MEMALIGN 1
#define HAVE_SELECT 1
#define HAVE_STRERROR 1
#define HAVE_SYSCONF 1
#define HAVE_SPRINTF 1
#define HAVE_MALLOC 1
#define TIME_WITH_SYS_TIME 1
#define HAVE_STRUCT_IOVEC 1
#define SIZEOF_UNSIGNED_CHAR 1
#define SIZEOF_UNSIGNED_SHORT 2
#define SIZEOF_UNSIGNED_INT 4
#define SIZEOF_UNSIGNED_LONG 8
#define SIZEOF_UNSIGNED_LONG_LONG 8
#define SIZEOF_SIZE_T 8
#define HAVE_DECL__SC_PAGE_SIZE 1
#define HAVE_DECL__SC_PAGESIZE 1
#define DEFAULT_SW_MINUS_ONE 0
#define DEFAULT_SH_MINUS_ONE 0
#define DEFAULT_DISPLAY_TWIDDLE 0
#define DEFAULT_BUFFER_SIZE 52488
#define DEFAULT_PAGE_SIZE 4096
#define USE_MEMALIGN 1
#define USE_IOVEC 1
#define HAVE_EXABYTE_SUPPORT 1
#define HAVE_PETABYTE_SUPPORT 1
#define HAVE_TERABYTE_SUPPORT 1
#define MAX_SAFE_MULTIPLIER 1000000000000000000

configure: exit 0
